Copyright 1986-2022 Xilinx, Inc. All Rights Reserved.
-------------------------------------------------------------------------------------------------------------------------------------------------------------------------------------------------
| Tool Version     : Vivado v.2022.2 (win64) Build 3671981 Fri Oct 14 05:00:03 MDT 2022
| Date             : Sun Apr 30 14:26:58 2023
| Host             : Swing running 64-bit major release  (build 9200)
| Command          : report_power -file design_CPU_System_wrapper_power_routed.rpt -pb design_CPU_System_wrapper_power_summary_routed.pb -rpx design_CPU_System_wrapper_power_routed.rpx
| Design           : design_CPU_System_wrapper
| Device           : xc7a100tcsg324-1
| Design State     : routed
| Grade            : commercial
| Process          : typical
| Characterization : Production
-------------------------------------------------------------------------------------------------------------------------------------------------------------------------------------------------

Power Report

Table of Contents
-----------------
1. Summary
1.1 On-Chip Components
1.2 Power Supply Summary
1.3 Confidence Level
2. Settings
2.1 Environment
2.2 Clock Constraints
3. Detailed Reports
3.1 By Hierarchy

1. Summary
----------

+--------------------------+--------------+
| Total On-Chip Power (W)  | 0.264        |
| Design Power Budget (W)  | Unspecified* |
| Power Budget Margin (W)  | NA           |
| Dynamic (W)              | 0.166        |
| Device Static (W)        | 0.098        |
| Effective TJA (C/W)      | 4.6          |
| Max Ambient (C)          | 83.8         |
| Junction Temperature (C) | 26.2         |
| Confidence Level         | Low          |
| Setting File             | ---          |
| Simulation Activity File | ---          |
| Design Nets Matched      | NA           |
+--------------------------+--------------+
* Specify Design Power Budget using, set_operating_conditions -design_power_budget <value in Watts>


1.1 On-Chip Components
----------------------

+--------------------------+-----------+----------+-----------+-----------------+
| On-Chip                  | Power (W) | Used     | Available | Utilization (%) |
+--------------------------+-----------+----------+-----------+-----------------+
| Clocks                   |     0.021 |        7 |       --- |             --- |
| Slice Logic              |     0.006 |     8874 |       --- |             --- |
|   LUT as Logic           |     0.005 |     2946 |     63400 |            4.65 |
|   LUT as Distributed RAM |    <0.001 |      120 |     19000 |            0.63 |
|   Register               |    <0.001 |     3783 |    126800 |            2.98 |
|   CARRY4                 |    <0.001 |      100 |     15850 |            0.63 |
|   F7/F8 Muxes            |    <0.001 |      110 |     63400 |            0.17 |
|   LUT as Shift Register  |    <0.001 |      214 |     19000 |            1.13 |
|   Others                 |    <0.001 |      733 |       --- |             --- |
| Signals                  |     0.008 |     6127 |       --- |             --- |
| Block RAM                |     0.004 |        8 |       135 |            5.93 |
| MMCM                     |     0.106 |        1 |         6 |           16.67 |
| I/O                      |     0.021 |       62 |       210 |           29.52 |
| Static Power             |     0.098 |          |           |                 |
| Total                    |     0.264 |          |           |                 |
+--------------------------+-----------+----------+-----------+-----------------+


1.2 Power Supply Summary
------------------------

+-----------+-------------+-----------+-------------+------------+-------------+-------------+------------+
| Source    | Voltage (V) | Total (A) | Dynamic (A) | Static (A) | Powerup (A) | Budget (A)  | Margin (A) |
+-----------+-------------+-----------+-------------+------------+-------------+-------------+------------+
| Vccint    |       1.000 |     0.055 |       0.039 |      0.016 |       NA    | Unspecified | NA         |
| Vccaux    |       1.800 |     0.078 |       0.059 |      0.018 |       NA    | Unspecified | NA         |
| Vcco33    |       3.300 |     0.010 |       0.006 |      0.004 |       NA    | Unspecified | NA         |
| Vcco25    |       2.500 |     0.000 |       0.000 |      0.000 |       NA    | Unspecified | NA         |
| Vcco18    |       1.800 |     0.000 |       0.000 |      0.000 |       NA    | Unspecified | NA         |
| Vcco15    |       1.500 |     0.000 |       0.000 |      0.000 |       NA    | Unspecified | NA         |
| Vcco135   |       1.350 |     0.000 |       0.000 |      0.000 |       NA    | Unspecified | NA         |
| Vcco12    |       1.200 |     0.000 |       0.000 |      0.000 |       NA    | Unspecified | NA         |
| Vccaux_io |       1.800 |     0.000 |       0.000 |      0.000 |       NA    | Unspecified | NA         |
| Vccbram   |       1.000 |     0.001 |       0.000 |      0.000 |       NA    | Unspecified | NA         |
| MGTAVcc   |       1.000 |     0.000 |       0.000 |      0.000 |       NA    | Unspecified | NA         |
| MGTAVtt   |       1.200 |     0.000 |       0.000 |      0.000 |       NA    | Unspecified | NA         |
| Vccadc    |       1.800 |     0.020 |       0.000 |      0.020 |       NA    | Unspecified | NA         |
+-----------+-------------+-----------+-------------+------------+-------------+-------------+------------+


1.3 Confidence Level
--------------------

+-----------------------------+------------+--------------------------------------------------------+------------------------------------------------------------------------------------------------------------+
| User Input Data             | Confidence | Details                                                | Action                                                                                                     |
+-----------------------------+------------+--------------------------------------------------------+------------------------------------------------------------------------------------------------------------+
| Design implementation state | High       | Design is routed                                       |                                                                                                            |
| Clock nodes activity        | High       | User specified more than 95% of clocks                 |                                                                                                            |
| I/O nodes activity          | Low        | More than 75% of inputs are missing user specification | Provide missing input activity with simulation results or by editing the "By Resource Type -> I/Os" view   |
| Internal nodes activity     | Medium     | User specified less than 25% of internal nodes         | Provide missing internal nodes activity with simulation results or by editing the "By Resource Type" views |
| Device models               | High       | Device models are Production                           |                                                                                                            |
|                             |            |                                                        |                                                                                                            |
| Overall confidence level    | Low        |                                                        |                                                                                                            |
+-----------------------------+------------+--------------------------------------------------------+------------------------------------------------------------------------------------------------------------+


2. Settings
-----------

2.1 Environment
---------------

+-----------------------+--------------------------+
| Ambient Temp (C)      | 25.0                     |
| ThetaJA (C/W)         | 4.6                      |
| Airflow (LFM)         | 250                      |
| Heat Sink             | medium (Medium Profile)  |
| ThetaSA (C/W)         | 4.6                      |
| Board Selection       | medium (10"x10")         |
| # of Board Layers     | 12to15 (12 to 15 Layers) |
| Board Temperature (C) | 25.0                     |
+-----------------------+--------------------------+


2.2 Clock Constraints
---------------------

+---------------------------------------------------------------------+---------------------------------------------------------------------------+-----------------+
| Clock                                                               | Domain                                                                    | Constraint (ns) |
+---------------------------------------------------------------------+---------------------------------------------------------------------------+-----------------+
| clk_out1_design_CPU_System_clk_wiz_1_1                              | design_CPU_System_i/clk_wiz_1/inst/clk_out1_design_CPU_System_clk_wiz_1_1 |            10.0 |
| clkfbout_design_CPU_System_clk_wiz_1_1                              | design_CPU_System_i/clk_wiz_1/inst/clkfbout_design_CPU_System_clk_wiz_1_1 |            10.0 |
| design_CPU_System_i/clk_wiz_1/inst/clk_in1                          | sys_clock_IBUF_BUFG                                                       |            10.0 |
| design_CPU_System_i/mdm_1/U0/Use_E2.BSCAN_I/Use_E2.BSCANE2_I/DRCK   | design_CPU_System_i/mdm_1/U0/Use_E2.BSCAN_I/DRCK                          |            33.3 |
| design_CPU_System_i/mdm_1/U0/Use_E2.BSCAN_I/Use_E2.BSCANE2_I/UPDATE | design_CPU_System_i/mdm_1/U0/Use_E2.BSCAN_I/Dbg_Update_0                  |            33.3 |
+---------------------------------------------------------------------+---------------------------------------------------------------------------+-----------------+


3. Detailed Reports
-------------------

3.1 By Hierarchy
----------------

+-------------------------------+-----------+
| Name                          | Power (W) |
+-------------------------------+-----------+
| design_CPU_System_wrapper     |     0.166 |
|   design_CPU_System_i         |     0.144 |
|     axi_gpio_0                |     0.002 |
|       U0                      |     0.002 |
|     axi_gpio_1                |     0.001 |
|       U0                      |     0.001 |
|     axi_quad_spi_0            |     0.006 |
|       U0                      |     0.006 |
|     axi_timer_0               |     0.002 |
|       U0                      |     0.002 |
|     clk_wiz_1                 |     0.107 |
|       inst                    |     0.107 |
|     mdm_1                     |     0.002 |
|       U0                      |     0.002 |
|     microblaze_0              |     0.012 |
|       U0                      |     0.012 |
|     microblaze_0_axi_intc     |     0.002 |
|       U0                      |     0.002 |
|     microblaze_0_axi_periph   |     0.004 |
|       s01_couplers            |     0.003 |
|       xbar                    |     0.001 |
|     microblaze_0_local_memory |     0.004 |
|       lmb_bram                |     0.004 |
+-------------------------------+-----------+


